alpha: 0.1, beta: 0.1 

[[9.96700e-01 9.88000e-01 6.90000e-03 9.82000e-02 6.78647e+01 9.53700e-01
  8.55000e-01 7.50400e-01]
 [9.64900e-01 9.98700e-01 9.86000e-02 9.69000e-02 7.74142e+01 9.27900e-01
  8.79000e-01 6.67300e-01]
 [9.98500e-01 9.90000e-01 3.00000e-03 7.72000e-02 7.02484e+01 9.64200e-01
  8.85700e-01 7.46300e-01]]


alpha: 0.01, beta: 0.1 

[[9.97300e-01 9.87800e-01 5.80000e-03 9.94000e-02 6.80835e+01 9.53200e-01
  8.53300e-01 7.51100e-01]
 [9.96400e-01 9.88300e-01 7.80000e-03 9.67000e-02 6.84376e+01 9.53700e-01
  8.57700e-01 7.50300e-01]
 [9.99000e-01 9.90000e-01 2.00000e-03 7.65000e-02 7.06625e+01 9.64600e-01
  8.86400e-01 7.46700e-01]]


alpha: 0.1, beta: 0.2 

[[9.97700e-01 9.76200e-01 5.10000e-03 2.00600e-01 5.75042e+01 9.08400e-01
  7.01700e-01 7.57800e-01]
 [9.65300e-01 9.84400e-01 9.72000e-02 1.97100e-01 5.82775e+01 8.82500e-01
  7.30000e-01 7.57500e-01]
 [9.98000e-01 9.79400e-01 4.60000e-03 1.71800e-01 6.02205e+01 9.22100e-01
  7.44000e-01 7.57800e-01]]


