alpha: 0.1, beta: 0.1 

[[9.97600e-01 9.82200e-01 5.30000e-03 1.00100e-01 2.75018e+01 9.45800e-01
  8.15700e-01 9.41400e-01]
 [9.67500e-01 9.97200e-01 9.85000e-02 9.74000e-02 2.87986e+01 9.24600e-01
  8.57700e-01 9.06900e-01]
 [9.97600e-01 9.86000e-01 5.20000e-03 7.87000e-02 2.84036e+01 9.57200e-01
  8.55600e-01 9.38300e-01]]


alpha: 0.01, beta: 0.1 

[[9.98700e-01 9.82000e-01 2.50000e-03 9.84000e-02 2.74597e+01 9.46600e-01
  8.18700e-01 9.41400e-01]
 [9.96400e-01 9.83100e-01 7.80000e-03 9.66000e-02 2.75593e+01 9.46400e-01
  8.24500e-01 9.40500e-01]
 [9.99000e-01 9.86000e-01 1.90000e-03 7.48000e-02 2.84319e+01 9.59900e-01
  8.61000e-01 9.38100e-01]]


alpha: 0.1, beta: 0.2 

[[9.94200e-01 9.65800e-01 1.44000e-02 2.01400e-01 2.33647e+01 8.88500e-01
  6.32500e-01 9.48000e-01]
 [9.67900e-01 9.76200e-01 9.66000e-02 1.99100e-01 2.36038e+01 8.69800e-01
  6.68200e-01 9.47700e-01]
 [9.97800e-01 9.69700e-01 4.70000e-03 1.72200e-01 2.44880e+01 9.07000e-01
  6.82300e-01 9.47200e-01]]


